  5주차-마우스클릭.cpp
D:\★과제물★\3학년 1학기\School_3.1\컴퓨터그래픽스\실습\5주차-마우스클릭.cpp(38,17): warning C4244: '인수': 'double'에서 'GLint'(으)로 변환하면서 데이터가 손실될 수 있습니다.
D:\★과제물★\3학년 1학기\School_3.1\컴퓨터그래픽스\실습\5주차-마우스클릭.cpp(51,30): warning C4305: '=': 'double'에서 'float'(으)로 잘립니다.
D:\★과제물★\3학년 1학기\School_3.1\컴퓨터그래픽스\실습\5주차-마우스클릭.cpp(55,51): warning C4244: '인수': 'double'에서 'GLfloat'(으)로 변환하면서 데이터가 손실될 수 있습니다.
D:\★과제물★\3학년 1학기\School_3.1\컴퓨터그래픽스\실습\5주차-마우스클릭.cpp(55,19): warning C4244: '인수': 'double'에서 'GLfloat'(으)로 변환하면서 데이터가 손실될 수 있습니다.
D:\★과제물★\3학년 1학기\School_3.1\컴퓨터그래픽스\실습\5주차-마우스클릭.cpp(105,10): warning C4244: '=': 'int'에서 'float'(으)로 변환하면서 데이터가 손실될 수 있습니다.
D:\★과제물★\3학년 1학기\School_3.1\컴퓨터그래픽스\실습\5주차-마우스클릭.cpp(106,10): warning C4244: '=': 'int'에서 'float'(으)로 변환하면서 데이터가 손실될 수 있습니다.
D:\★과제물★\3학년 1학기\School_3.1\컴퓨터그래픽스\실습\5주차-마우스클릭.cpp(107,20): warning C4244: '=': 'int'에서 'float'(으)로 변환하면서 데이터가 손실될 수 있습니다.
D:\★과제물★\3학년 1학기\School_3.1\컴퓨터그래픽스\실습\5주차-마우스클릭.cpp(108,27): warning C4244: '=': 'int'에서 'float'(으)로 변환하면서 데이터가 손실될 수 있습니다.
D:\★과제물★\3학년 1학기\School_3.1\컴퓨터그래픽스\실습\5주차-마우스클릭.cpp(111,25): warning C4244: '=': 'int'에서 'float'(으)로 변환하면서 데이터가 손실될 수 있습니다.
D:\★과제물★\3학년 1학기\School_3.1\컴퓨터그래픽스\실습\5주차-마우스클릭.cpp(112,32): warning C4244: '=': 'int'에서 'float'(으)로 변환하면서 데이터가 손실될 수 있습니다.
D:\★과제물★\3학년 1학기\School_3.1\컴퓨터그래픽스\실습\5주차-마우스클릭.cpp(136,11): warning C4244: '=': 'int'에서 'float'(으)로 변환하면서 데이터가 손실될 수 있습니다.
D:\★과제물★\3학년 1학기\School_3.1\컴퓨터그래픽스\실습\5주차-마우스클릭.cpp(137,11): warning C4244: '=': 'int'에서 'float'(으)로 변환하면서 데이터가 손실될 수 있습니다.
D:\★과제물★\3학년 1학기\School_3.1\컴퓨터그래픽스\실습\5주차-마우스클릭.cpp(138,21): warning C4244: '=': 'int'에서 'float'(으)로 변환하면서 데이터가 손실될 수 있습니다.
D:\★과제물★\3학년 1학기\School_3.1\컴퓨터그래픽스\실습\5주차-마우스클릭.cpp(139,28): warning C4244: '=': 'int'에서 'float'(으)로 변환하면서 데이터가 손실될 수 있습니다.
D:\★과제물★\3학년 1학기\School_3.1\컴퓨터그래픽스\실습\5주차-마우스클릭.cpp(158,34): warning C4244: '+=': 'double'에서 'int'(으)로 변환하면서 데이터가 손실될 수 있습니다.
D:\★과제물★\3학년 1학기\School_3.1\컴퓨터그래픽스\실습\5주차-마우스클릭.cpp(159,34): warning C4244: '-=': 'double'에서 'int'(으)로 변환하면서 데이터가 손실될 수 있습니다.
D:\★과제물★\3학년 1학기\School_3.1\컴퓨터그래픽스\실습\5주차-마우스클릭.cpp(160,36): warning C4244: '+=': 'double'에서 'int'(으)로 변환하면서 데이터가 손실될 수 있습니다.
D:\★과제물★\3학년 1학기\School_3.1\컴퓨터그래픽스\실습\5주차-마우스클릭.cpp(161,34): warning C4244: '-=': 'double'에서 'int'(으)로 변환하면서 데이터가 손실될 수 있습니다.
D:\★과제물★\3학년 1학기\School_3.1\컴퓨터그래픽스\실습\5주차-마우스클릭.cpp(162,35): warning C4244: '-=': 'double'에서 'int'(으)로 변환하면서 데이터가 손실될 수 있습니다.
D:\★과제물★\3학년 1학기\School_3.1\컴퓨터그래픽스\실습\5주차-마우스클릭.cpp(162,51): warning C4244: '-=': 'double'에서 'int'(으)로 변환하면서 데이터가 손실될 수 있습니다.
D:\★과제물★\3학년 1학기\School_3.1\컴퓨터그래픽스\실습\5주차-마우스클릭.cpp(163,36): warning C4244: '+=': 'double'에서 'int'(으)로 변환하면서 데이터가 손실될 수 있습니다.
D:\★과제물★\3학년 1학기\School_3.1\컴퓨터그래픽스\실습\5주차-마우스클릭.cpp(163,52): warning C4244: '+=': 'double'에서 'int'(으)로 변환하면서 데이터가 손실될 수 있습니다.
D:\★과제물★\3학년 1학기\School_3.1\컴퓨터그래픽스\실습\5주차-마우스클릭.cpp(169,34): warning C4326: 'main'의 반환 형식이 'int'이어야 하는데 'void'입니다.
  실습.vcxproj -> D:\★과제물★\3학년 1학기\School_3.1\컴퓨터그래픽스\실습\Debug\실습.exe
