  CV_20193148_35.cpp
D:\★과제물★\3학년 1학기\비전프로그래밍\실습용\CV_20193148_35.cpp(14,46): warning C4244: '인수': '_Tp'에서 'float'(으)로 변환하면서 데이터가 손실될 수 있습니다.
          with
          [
              _Tp=int
          ]
D:\★과제물★\3학년 1학기\비전프로그래밍\실습용\CV_20193148_35.cpp(14,27): warning C4244: '인수': '_Tp'에서 'float'(으)로 변환하면서 데이터가 손실될 수 있습니다.
          with
          [
              _Tp=int
          ]
D:\★과제물★\3학년 1학기\비전프로그래밍\실습용\CV_20193148_35.cpp(20,25): warning C4244: '인수': '_Tp'에서 'float'(으)로 변환하면서 데이터가 손실될 수 있습니다.
          with
          [
              _Tp=int
          ]
D:\★과제물★\3학년 1학기\비전프로그래밍\실습용\CV_20193148_35.cpp(20,20): warning C4244: '인수': '_Tp'에서 'float'(으)로 변환하면서 데이터가 손실될 수 있습니다.
          with
          [
              _Tp=int
          ]
  실습용.vcxproj -> D:\★과제물★\3학년 1학기\비전프로그래밍\실습용\x64\Debug\실습용.exe
